Offset             Name                 Pid             PPid            Uid             Gid    DTB                Start Time
------------------ -------------------- --------------- --------------- --------------- ------ ------------------ ----------
0xffff88000d638000 init                 1               0               0               0      0x000000000cca6000 2019-02-23 18:38:15 UTC+0000
0xffff88000d6397f0 kthreadd             2               0               0               0      ------------------ 2019-02-23 18:38:15 UTC+0000
0xffff88000d63afe0 ksoftirqd/0          3               2               0               0      ------------------ 2019-02-23 18:38:15 UTC+0000
0xffff88000d63dfc0 kworker/0:0H         5               2               0               0      ------------------ 2019-02-23 18:38:15 UTC+0000
0xffff88000d6597f0 rcu_sched            7               2               0               0      ------------------ 2019-02-23 18:38:15 UTC+0000
0xffff88000d65afe0 rcuos/0              8               2               0               0      ------------------ 2019-02-23 18:38:15 UTC+0000
0xffff88000d65c7d0 rcu_bh               9               2               0               0      ------------------ 2019-02-23 18:38:15 UTC+0000
0xffff88000d65dfc0 rcuob/0              10              2               0               0      ------------------ 2019-02-23 18:38:15 UTC+0000
0xffff88000d670000 migration/0          11              2               0               0      ------------------ 2019-02-23 18:38:15 UTC+0000
0xffff88000d6717f0 watchdog/0           12              2               0               0      ------------------ 2019-02-23 18:38:15 UTC+0000
0xffff88000d672fe0 khelper              13              2               0               0      ------------------ 2019-02-23 18:38:15 UTC+0000
0xffff88000d6747d0 kdevtmpfs            14              2               0               0      ------------------ 2019-02-23 18:38:15 UTC+0000
0xffff88000d675fc0 netns                15              2               0               0      ------------------ 2019-02-23 18:38:15 UTC+0000
0xffff88000d6e0000 writeback            16              2               0               0      ------------------ 2019-02-23 18:38:15 UTC+0000
0xffff88000d6e17f0 kintegrityd          17              2               0               0      ------------------ 2019-02-23 18:38:15 UTC+0000
0xffff88000d6e2fe0 bioset               18              2               0               0      ------------------ 2019-02-23 18:38:15 UTC+0000
0xffff88000d6e47d0 kworker/u3:0         19              2               0               0      ------------------ 2019-02-23 18:38:15 UTC+0000
0xffff88000d6e5fc0 kblockd              20              2               0               0      ------------------ 2019-02-23 18:38:15 UTC+0000
0xffff88000d790000 ata_sff              21              2               0               0      ------------------ 2019-02-23 18:38:15 UTC+0000
0xffff88000d7917f0 khubd                22              2               0               0      ------------------ 2019-02-23 18:38:15 UTC+0000
0xffff88000d792fe0 md                   23              2               0               0      ------------------ 2019-02-23 18:38:15 UTC+0000
0xffff88000d7947d0 devfreq_wq           24              2               0               0      ------------------ 2019-02-23 18:38:15 UTC+0000
0xffff88000d795fc0 kworker/0:1          25              2               0               0      ------------------ 2019-02-23 18:38:15 UTC+0000
0xffff88000cc797f0 khungtaskd           27              2               0               0      ------------------ 2019-02-23 18:38:15 UTC+0000
0xffff88000cc7afe0 kswapd0              28              2               0               0      ------------------ 2019-02-23 18:38:15 UTC+0000
0xffff88000cc7c7d0 ksmd                 29              2               0               0      ------------------ 2019-02-23 18:38:15 UTC+0000
0xffff88000cc7dfc0 fsnotify_mark        30              2               0               0      ------------------ 2019-02-23 18:38:15 UTC+0000
0xffff880008a90000 ecryptfs-kthrea      31              2               0               0      ------------------ 2019-02-23 18:38:15 UTC+0000
0xffff880008a917f0 crypto               32              2               0               0      ------------------ 2019-02-23 18:38:15 UTC+0000
0xffff880008ab47d0 kthrotld             44              2               0               0      ------------------ 2019-02-23 18:38:15 UTC+0000
0xffff880008ab17f0 kworker/u2:1         45              2               0               0      ------------------ 2019-02-23 18:38:15 UTC+0000
0xffff880008ab2fe0 vballoon             46              2               0               0      ------------------ 2019-02-23 18:38:15 UTC+0000
0xffff880008ab0000 scsi_eh_0            47              2               0               0      ------------------ 2019-02-23 18:38:16 UTC+0000
0xffff880008ab5fc0 scsi_eh_1            48              2               0               0      ------------------ 2019-02-23 18:38:16 UTC+0000
0xffff880008aa47d0 kworker/u2:3         50              2               0               0      ------------------ 2019-02-23 18:38:16 UTC+0000
0xffff88000ec6c7d0 deferwq              70              2               0               0      ------------------ 2019-02-23 18:38:17 UTC+0000
0xffff88000ec6afe0 charger_manager      71              2               0               0      ------------------ 2019-02-23 18:38:17 UTC+0000
0xffff88000f3d2fe0 ttm_swap             267             2               0               0      ------------------ 2019-02-23 18:38:18 UTC+0000
0xffff88000f3d17f0 qxl_gc               268             2               0               0      ------------------ 2019-02-23 18:38:19 UTC+0000
0xffff88000ee22fe0 kworker/0:2          297             2               0               0      ------------------ 2019-02-23 18:38:19 UTC+0000
0xffff88000f3647d0 jbd2/sda1-8          312             2               0               0      ------------------ 2019-02-23 18:38:19 UTC+0000
0xffff88000f3617f0 ext4-rsv-conver      313             2               0               0      ------------------ 2019-02-23 18:38:19 UTC+0000
0xffff88000f1197f0 upstart-udev-br      406             1               0               0      0x00000000001ca000 2019-02-23 18:38:19 UTC+0000
0xffff88000f365fc0 udevd                408             1               0               0      0x000000000b80c000 2019-02-23 18:38:19 UTC+0000
0xffff88000dc85fc0 udevd                515             408             0               0      0x000000000dcd7000 2019-02-23 18:38:20 UTC+0000
0xffff880009c00000 udevd                516             408             0               0      0x000000000dcf1000 2019-02-23 18:38:20 UTC+0000
0xffff88000b4897f0 kworker/u3:1         546             2               0               0      ------------------ 2019-02-23 18:38:20 UTC+0000
0xffff88000b48c7d0 kpsmoused            618             2               0               0      ------------------ 2019-02-23 18:38:20 UTC+0000
0xffff88000baa5fc0 upstart-socket-      658             1               0               0      0x0000000009c21000 2019-02-23 18:38:20 UTC+0000
0xffff880009c02fe0 hd-audio0            760             2               0               0      ------------------ 2019-02-23 18:38:21 UTC+0000
0xffff88000cf8c7d0 dhclient3            803             1               0               0      0x000000000b404000 2019-02-23 18:38:21 UTC+0000
0xffff88000b48dfc0 kdmflush             973             2               0               0      ------------------ 2019-02-23 18:38:59 UTC+0000
0xffff88000911dfc0 bioset               975             2               0               0      ------------------ 2019-02-23 18:38:59 UTC+0000
0xffff88000911afe0 kcryptd_io           976             2               0               0      ------------------ 2019-02-23 18:38:59 UTC+0000
0xffff880009118000 kcryptd              978             2               0               0      ------------------ 2019-02-23 18:38:59 UTC+0000
0xffff88000bc05fc0 bioset               979             2               0               0      ------------------ 2019-02-23 18:38:59 UTC+0000
0xffff88000cf897f0 jbd2/dm-0-8          998             2               0               0      ------------------ 2019-02-23 18:38:59 UTC+0000
0xffff88000cf8dfc0 ext4-rsv-conver      999             2               0               0      ------------------ 2019-02-23 18:38:59 UTC+0000
0xffff88000baa0000 dbus-daemon          1032            1               102             105    0x000000000cee5000 2019-02-23 18:38:59 UTC+0000
0xffff88000911c7d0 rsyslogd             1042            1               101             103    0x000000000ce37000 2019-02-23 18:38:59 UTC+0000
0xffff88000f11afe0 getty                1112            1               0               0      0x000000000ef47000 2019-02-23 18:38:59 UTC+0000
0xffff88000bc6afe0 getty                1119            1               0               0      0x00000000001ab000 2019-02-23 18:38:59 UTC+0000
0xffff880008a92fe0 getty                1129            1               0               0      0x0000000009cf9000 2019-02-23 18:38:59 UTC+0000
0xffff88000f362fe0 getty                1131            1               0               0      0x000000000cf7c000 2019-02-23 18:38:59 UTC+0000
0xffff88000bc697f0 getty                1136            1               0               0      0x000000000dc56000 2019-02-23 18:38:59 UTC+0000
0xffff88000b48afe0 acpid                1147            1               0               0      0x000000000ced3000 2019-02-23 18:38:59 UTC+0000
0xffff88000f3d5fc0 atd                  1148            1               0               0      0x0000000009c6a000 2019-02-23 18:38:59 UTC+0000
0xffff88000f3d0000 cron                 1149            1               0               0      0x000000000cff6000 2019-02-23 18:38:59 UTC+0000
0xffff88000f360000 whoopsie             1195            1               103             106    0x000000000b49b000 2019-02-23 18:38:59 UTC+0000
0xffff880008aa5fc0 kworker/0:0          1409            2               0               0      ------------------ 2019-02-23 18:55:55 UTC+0000
0xffff88000bc00000 kworker/u2:0         1636            2               0               0      ------------------ 2019-02-23 18:58:20 UTC+0000
0xffff88000bc017f0 kworker/u3:2         1646            2               0               0      ------------------ 2019-02-23 18:59:23 UTC+0000
0xffff88000bc02fe0 getty                1648            1               0               0      0x000000000cf62000 2019-02-23 18:59:43 UTC+0000
