Offset(V)          Name                    PID pslist psscan pid_hash kmem_cache parents leaders
------------------ -------------------- ------ ------ ------ -------- ---------- ------- -------
0x000000000f3d17f0 qxl_gc                  268 True   True   True     False      False   True   
0x000000000d6747d0 kdevtmpfs                14 True   True   True     False      False   True   
0x0000000008ab5fc0 scsi_eh_1                48 True   True   True     False      False   True   
0x000000000baa5fc0 upstart-socket-         658 True   True   True     False      False   True   
0x000000000cc797f0 khungtaskd               27 True   True   True     False      False   True   
0x000000000911c7d0 rsyslogd               1042 True   True   True     False      False   True   
0x0000000009c02fe0 hd-audio0               760 True   True   True     False      False   True   
0x000000000d6e47d0 kworker/u3:0             19 True   True   True     False      False   True   
0x0000000008a92fe0 getty                  1129 True   True   True     False      False   True   
0x0000000008a917f0 crypto                   32 True   True   True     False      False   True   
0x000000000d670000 migration/0              11 True   True   True     False      False   True   
0x000000000cf897f0 jbd2/dm-0-8             998 True   True   True     False      False   True   
0x0000000008ab17f0 kworker/u2:1             45 True   True   True     False      False   True   
0x000000000baa0000 dbus-daemon            1032 True   True   True     False      False   True   
0x0000000008aa5fc0 kworker/0:0            1409 True   True   True     False      False   True   
0x000000000f3647d0 jbd2/sda1-8             312 True   True   True     False      False   True   
0x000000000d7947d0 devfreq_wq               24 True   True   True     False      False   True   
0x000000000d63afe0 ksoftirqd/0               3 True   True   True     False      False   True   
0x000000000ec6afe0 charger_manager          71 True   True   True     False      False   True   
0x000000000d6e0000 writeback                16 True   True   True     False      False   True   
0x000000000b48afe0 acpid                  1147 True   True   True     False      False   True   
0x0000000008aa47d0 kworker/u2:3             50 True   True   True     False      False   True   
0x0000000009c00000 udevd                   516 True   True   True     False      False   True   
0x000000000cc7c7d0 ksmd                     29 True   True   True     False      False   True   
0x000000000f1197f0 upstart-udev-br         406 True   True   True     False      False   True   
0x000000000d65afe0 rcuos/0                   8 True   True   True     False      False   True   
0x000000000b48c7d0 kpsmoused               618 True   True   True     False      False   True   
0x000000000d790000 ata_sff                  21 True   True   True     False      False   True   
0x000000000f362fe0 getty                  1131 True   True   True     False      False   True   
0x000000000f3d2fe0 ttm_swap                267 True   True   True     False      False   True   
0x000000000d672fe0 khelper                  13 True   True   True     False      False   True   
0x0000000008ab0000 scsi_eh_0                47 True   True   True     False      False   True   
0x000000000bc05fc0 bioset                  979 True   True   True     False      False   True   
0x000000000d63dfc0 kworker/0:0H              5 True   True   True     False      False   True   
0x000000000bc697f0 getty                  1136 True   True   True     False      False   True   
0x000000000bc00000 kworker/u2:0           1636 True   True   True     False      False   True   
0x000000000d6e2fe0 bioset                   18 True   True   True     False      False   True   
0x000000000f3d0000 cron                   1149 True   True   True     False      False   True   
0x0000000008a90000 ecryptfs-kthrea          31 True   True   True     False      False   True   
0x000000000f365fc0 udevd                   408 True   True   True     False      True    True   
0x000000000f360000 whoopsie               1195 True   True   True     False      False   True   
0x000000000d65dfc0 rcuob/0                  10 True   True   True     False      False   True   
0x0000000008ab47d0 kthrotld                 44 True   True   True     False      False   True   
0x000000000911afe0 kcryptd_io              976 True   True   True     False      False   True   
0x000000000d792fe0 md                       23 True   True   True     False      False   True   
0x000000000d6397f0 kthreadd                  2 True   True   True     False      True    True   
0x000000000f11afe0 getty                  1112 True   True   True     False      False   True   
0x000000000ec6c7d0 deferwq                  70 True   True   True     False      False   True   
0x000000000d675fc0 netns                    15 True   True   True     False      False   True   
0x000000000cf8c7d0 dhclient3               803 True   True   True     False      False   True   
0x000000000dc85fc0 udevd                   515 True   True   True     False      False   True   
0x000000000bc017f0 kworker/u3:2           1646 True   True   True     False      False   True   
0x000000000cc7afe0 kswapd0                  28 True   True   True     False      False   True   
0x000000000d6597f0 rcu_sched                 7 True   True   True     False      False   True   
0x000000000b48dfc0 kdmflush                973 True   True   True     False      False   True   
0x000000000d6e5fc0 kblockd                  20 True   True   True     False      False   True   
0x000000000d6717f0 watchdog/0               12 True   True   True     False      False   True   
0x000000000cf8dfc0 ext4-rsv-conver         999 True   True   True     False      False   True   
0x0000000008ab2fe0 vballoon                 46 True   True   True     False      False   True   
0x0000000009118000 kcryptd                 978 True   True   True     False      False   True   
0x000000000f3617f0 ext4-rsv-conver         313 True   True   True     False      False   True   
0x000000000b4897f0 kworker/u3:1            546 True   True   True     False      False   True   
0x000000000d795fc0 kworker/0:1              25 True   True   True     False      False   True   
0x000000000d6e17f0 kintegrityd              17 True   True   True     False      False   True   
0x000000000f3d5fc0 atd                    1148 True   True   True     False      False   True   
0x000000000bc02fe0 getty                  1648 True   True   True     False      False   True   
0x000000000cc7dfc0 fsnotify_mark            30 True   True   True     False      False   True   
0x000000000ee22fe0 kworker/0:2             297 True   True   True     False      False   True   
0x000000000d65c7d0 rcu_bh                    9 True   True   True     False      False   True   
0x000000000bc6afe0 getty                  1119 True   True   True     False      False   True   
0x000000000911dfc0 bioset                  975 True   True   True     False      False   True   
0x000000000d7917f0 khubd                    22 True   True   True     False      False   True   
0x000000000d638000 init                      1 True   True   True     False      True    True   
0x000000000cf1c7d0 rs:main Q:Reg          1048 False  True   True     False      False   False  
0x000000000cf18000 rsyslogd               1050 False  True   True     False      False   False  
0x000000000f3d47d0 gdbus                  1196 False  True   True     False      False   False  
0x000000000cf1afe0 rsyslogd               1049 False  True   True     False      False   False  
0x0000000001c144a0 swapper/0                 0 False  False  False    False      True    False  
0x0000000008a947d0 bash                   1547 False  True   False    False      False   False  
0x0000000008a95fc0 bash                   1544 False  True   False    False      False   False  
0x0000000008aa0000 sed                    1548 False  True   False    False      False   False  
0x0000000008aa17f0 login                  1407 False  True   False    False      False   False  
0x0000000008aa2fe0 bash                   1540 False  True   False    False      False   False  
0x00000000091197f0 uname                  1414 False  True   False    False      False   False  
0x0000000009c017f0 bash                   1611 False  True   False    False      False   False  
0x0000000009c047d0 bash                   1610 False  True   False    False      False   False  
0x0000000009c05fc0 sed                    1609 False  True   False    False      False   False  
0x000000000b488000 bash                   1499 False  True   False    False      False   False  
0x000000000baa17f0 bash                   1613 False  True   False    False      False   False  
0x000000000baa2fe0 bash                   1614 False  True   False    False      False   False  
0x000000000baa47d0 sed                    1612 False  True   False    False      False   False  
0x000000000bc047d0 setvtrgb               1649 False  True   False    False      False   False  
0x000000000bc68000 bash                   1543 False  True   False    False      False   False  
0x000000000bc6c7d0 bash                   1541 False  True   False    False      False   False  
0x000000000bc6dfc0 sed                    1542 False  True   False    False      False   False  
0x000000000cc78000 bash                   1487 False  True   False    False      False   False  
0x000000000cf197f0 10-help-text           1416 False  True   False    False      False   False  
0x000000000cf1dfc0 uname                  1415 False  True   False    False      False   False  
0x000000000cf88000 sudo                   1564 False  True   False    False      False   False  
0x000000000cf8afe0 bash                   1565 False  True   False    False      False   False  
0x000000000d63c7d0 sed                    1506 False  True   False    False      False   False  
0x000000000d658000 uname                  1413 False  True   False    False      False   False  
0x000000000dc80000 sed                    1603 False  True   False    False      False   False  
0x000000000dc817f0 bash                   1604 False  True   False    False      False   False  
0x000000000dc82fe0 bash                   1605 False  True   False    False      False   False  
0x000000000dc847d0 bash                   1602 False  True   False    False      False   False  
0x000000000ec68000 bash                   1501 False  True   False    False      False   False  
0x000000000ec697f0 sed                    1500 False  True   False    False      False   False  
0x000000000ec6dfc0 bash                   1502 False  True   False    False      False   False  
0x000000000eda8000 udevd                   112 False  True   False    False      False   False  
0x000000000eda97f0 udevd                   113 False  True   False    False      False   False  
0x000000000edaafe0 udevd                   114 False  True   False    False      False   False  
0x000000000edac7d0 udevd                   115 False  True   False    False      False   False  
0x000000000edadfc0 udevd                   121 False  True   False    False      False   False  
0x000000000ee20000 sed                    1479 False  True   False    False      False   False  
0x000000000ee217f0 bash                   1478 False  True   False    False      False   False  
0x000000000ee247d0 bash                   1480 False  True   False    False      False   False  
0x000000000ee25fc0 bash                   1466 False  True   False    False      False   False  
0x000000000ee98000 udevd                   123 False  True   False    False      False   False  
0x000000000ee997f0 udevd                   124 False  True   False    False      False   False  
0x000000000ee9afe0 udevd                   125 False  True   False    False      False   False  
0x000000000ee9c7d0 udevd                   126 False  True   False    False      False   False  
0x000000000ee9dfc0 udevd                   127 False  True   False    False      False   False  
0x000000000eef8000 udevd                   128 False  True   False    False      False   False  
0x000000000eef97f0 udevd                   129 False  True   False    False      False   False  
0x000000000eefafe0 udevd                   130 False  True   False    False      False   False  
0x000000000eefdfc0 udevd                   132 False  True   False    False      False   False  
0x000000000ef68000 udevd                   133 False  True   False    False      False   False  
0x000000000ef697f0 udevd                   134 False  True   False    False      False   False  
0x000000000ef6afe0 udevd                   209 False  True   False    False      False   False  
0x000000000ef6c7d0 udevd                   210 False  True   False    False      False   False  
0x000000000ef6dfc0 udevd                   208 False  True   False    False      False   False  
0x000000000eff0000 udevd                   194 False  True   False    False      False   False  
0x000000000eff17f0 udevd                   192 False  True   False    False      False   False  
0x000000000eff2fe0 udevd                   191 False  True   False    False      False   False  
0x000000000eff47d0 udevd                   219 False  True   False    False      False   False  
0x000000000eff5fc0 udevd                   193 False  True   False    False      False   False  
0x000000000f030000 udevd                   203 False  True   False    False      False   False  
0x000000000f0317f0 udevd                   207 False  True   False    False      False   False  
0x000000000f032fe0 udevd                   205 False  True   False    False      False   False  
0x000000000f0347d0 udevd                   206 False  True   False    False      False   False  
0x000000000f035fc0 udevd                   204 False  True   False    False      False   False  
0x000000000f0d8000 udevd                   202 False  True   False    False      False   False  
0x000000000f0d97f0 udevd                   201 False  True   False    False      False   False  
0x000000000f0dafe0 udevd                   200 False  True   False    False      False   False  
0x000000000f0dc7d0 udevd                   199 False  True   False    False      False   False  
0x000000000f0ddfc0 udevd                   216 False  True   False    False      False   False  
0x000000000f118000 sed                    1488 False  True   False    False      False   False  
0x000000000f11c7d0 bash                   1490 False  True   False    False      False   False  
0x000000000f11dfc0 bash                   1489 False  True   False    False      False   False  
